{"meta": {"format": 3, "version": "7.13.1", "timestamp": "2026-01-03T21:55:51.054886", "branch_coverage": false, "show_contexts": false}, "files": {"src/__init__.py": {"executed_lines": [3], "summary": {"covered_lines": 1, "num_statements": 1, "percent_covered": 100.0, "percent_covered_display": "100", "missing_lines": 0, "excluded_lines": 0, "percent_statements_covered": 100.0, "percent_statements_covered_display": "100"}, "missing_lines": [], "excluded_lines": [], "functions": {"": {"executed_lines": [3], "summary": {"covered_lines": 1, "num_statements": 1, "percent_covered": 100.0, "percent_covered_display": "100", "missing_lines": 0, "excluded_lines": 0, "percent_statements_covered": 100.0, "percent_statements_covered_display": "100"}, "missing_lines": [], "excluded_lines": [], "start_line": 1}}, "classes": {"": {"executed_lines": [3], "summary": {"covered_lines": 1, "num_statements": 1, "percent_covered": 100.0, "percent_covered_display": "100", "missing_lines": 0, "excluded_lines": 0, "percent_statements_covered": 100.0, "percent_statements_covered_display": "100"}, "missing_lines": [], "excluded_lines": [], "start_line": 1}}}, "src/api/__init__.py": {"executed_lines": [], "summary": {"covered_lines": 0, "num_statements": 0, "percent_covered": 100.0, "percent_covered_display": "100", "missing_lines": 0, "excluded_lines": 0, "percent_statements_covered": 100.0, "percent_statements_covered_display": "100"}, "missing_lines": [], "excluded_lines": [], "functions": {"": {"executed_lines": [], "summary": {"covered_lines": 0, "num_statements": 0, "percent_covered": 100.0, "percent_covered_display": "100", "missing_lines": 0, "excluded_lines": 0, "percent_statements_covered": 100.0, "percent_statements_covered_display": "100"}, "missing_lines": [], "excluded_lines": [], "start_line": 1}}, "classes": {"": {"executed_lines": [], "summary": {"covered_lines": 0, "num_statements": 0, "percent_covered": 100.0, "percent_covered_display": "100", "missing_lines": 0, "excluded_lines": 0, "percent_statements_covered": 100.0, "percent_statements_covered_display": "100"}, "missing_lines": [], "excluded_lines": [], "start_line": 1}}}, "src/api/base.py": {"executed_lines": [8, 9, 18, 21, 34, 35, 48, 49], "summary": {"covered_lines": 8, "num_statements": 10, "percent_covered": 80.0, "percent_covered_display": "80", "missing_lines": 2, "excluded_lines": 0, "percent_statements_covered": 80.0, "percent_statements_covered_display": "80"}, "missing_lines": [46, 64], "excluded_lines": [], "functions": {"APIBase.connect": {"executed_lines": [], "summary": {"covered_lines": 0, "num_statements": 1, "percent_covered": 0.0, "percent_covered_display": "0", "missing_lines": 1, "excluded_lines": 0, "percent_statements_covered": 0.0, "percent_statements_covered_display": "0"}, "missing_lines": [46], "excluded_lines": [], "start_line": 35}, "APIBase.get_vacancies": {"executed_lines": [], "summary": {"covered_lines": 0, "num_statements": 1, "percent_covered": 0.0, "percent_covered_display": "0", "missing_lines": 1, "excluded_lines": 0, "percent_statements_covered": 0.0, "percent_statements_covered_display": "0"}, "missing_lines": [64], "excluded_lines": [], "start_line": 49}, "": {"executed_lines": [8, 9, 18, 21, 34, 35, 48, 49], "summary": {"covered_lines": 8, "num_statements": 8, "percent_covered": 100.0, "percent_covered_display": "100", "missing_lines": 0, "excluded_lines": 0, "percent_statements_covered": 100.0, "percent_statements_covered_display": "100"}, "missing_lines": [], "excluded_lines": [], "start_line": 1}}, "classes": {"APIBase": {"executed_lines": [], "summary": {"covered_lines": 0, "num_statements": 2, "percent_covered": 0.0, "percent_covered_display": "0", "missing_lines": 2, "excluded_lines": 0, "percent_statements_covered": 0.0, "percent_statements_covered_display": "0"}, "missing_lines": [46, 64], "excluded_lines": [], "start_line": 21}, "": {"executed_lines": [8, 9, 18, 21, 34, 35, 48, 49], "summary": {"covered_lines": 8, "num_statements": 8, "percent_covered": 100.0, "percent_covered_display": "100", "missing_lines": 0, "excluded_lines": 0, "percent_statements_covered": 100.0, "percent_statements_covered_display": "100"}, "missing_lines": [], "excluded_lines": [], "start_line": 1}}}, "src/api/hh_api.py": {"executed_lines": [8, 9, 10, 13, 16, 19, 20, 21, 22, 23, 24, 25, 29, 36, 37, 39, 42, 43, 45, 46, 47, 49, 53, 55, 57, 61, 65, 77, 84, 85, 86, 93, 103, 105, 106, 107, 109, 111, 112, 113, 115, 135, 137, 138, 139, 142, 143, 144, 145, 146, 148, 149, 150, 152, 153, 154, 156, 157, 159, 160, 161, 162, 163, 165, 166, 167, 169, 170, 171, 172, 174, 175, 176, 179, 180, 181, 186, 188, 189, 191, 192, 193, 194, 195, 196, 209, 222, 224, 225, 227, 228, 230], "summary": {"covered_lines": 92, "num_statements": 102, "percent_covered": 90.19607843137256, "percent_covered_display": "90", "missing_lines": 10, "excluded_lines": 0, "percent_statements_covered": 90.19607843137256, "percent_statements_covered_display": "90"}, "missing_lines": [40, 197, 198, 199, 200, 201, 202, 203, 206, 207], "excluded_lines": [], "functions": {"_setup_logger": {"executed_lines": [36, 37, 39, 42, 43, 45, 46, 47, 49, 53, 55, 57], "summary": {"covered_lines": 12, "num_statements": 13, "percent_covered": 92.3076923076923, "percent_covered_display": "92", "missing_lines": 1, "excluded_lines": 0, "percent_statements_covered": 92.3076923076923, "percent_statements_covered_display": "92"}, "missing_lines": [40], "excluded_lines": [], "start_line": 29}, "HeadHunterAPI.__init__": {"executed_lines": [84, 85, 86], "summary": {"covered_lines": 3, "num_statements": 3, "percent_covered": 100.0, "percent_covered_display": "100", "missing_lines": 0, "excluded_lines": 0, "percent_statements_covered": 100.0, "percent_statements_covered_display": "100"}, "missing_lines": [], "excluded_lines": [], "start_line": 77}, "HeadHunterAPI.connect": {"executed_lines": [103, 105, 106, 107, 109, 111, 112, 113], "summary": {"covered_lines": 8, "num_statements": 8, "percent_covered": 100.0, "percent_covered_display": "100", "missing_lines": 0, "excluded_lines": 0, "percent_statements_covered": 100.0, "percent_statements_covered_display": "100"}, "missing_lines": [], "excluded_lines": [], "start_line": 93}, "HeadHunterAPI.get_vacancies": {"executed_lines": [135, 137, 138, 139, 142, 143, 144, 145, 146, 148, 149, 150, 152, 153, 154, 156, 157, 159, 160, 161, 162, 163, 165, 166, 167, 169, 170, 171, 172, 174, 175, 176, 179, 180, 181, 186, 188, 189, 191, 192, 193, 194, 195, 196], "summary": {"covered_lines": 44, "num_statements": 53, "percent_covered": 83.01886792452831, "percent_covered_display": "83", "missing_lines": 9, "excluded_lines": 0, "percent_statements_covered": 83.01886792452831, "percent_statements_covered_display": "83"}, "missing_lines": [197, 198, 199, 200, 201, 202, 203, 206, 207], "excluded_lines": [], "start_line": 115}, "HeadHunterAPI._filter_by_currency": {"executed_lines": [222, 224, 225, 227, 228, 230], "summary": {"covered_lines": 6, "num_statements": 6, "percent_covered": 100.0, "percent_covered_display": "100", "missing_lines": 0, "excluded_lines": 0, "percent_statements_covered": 100.0, "percent_statements_covered_display": "100"}, "missing_lines": [], "excluded_lines": [], "start_line": 209}, "": {"executed_lines": [8, 9, 10, 13, 16, 19, 20, 21, 22, 23, 24, 25, 29, 61, 65, 77, 93, 115, 209], "summary": {"covered_lines": 19, "num_statements": 19, "percent_covered": 100.0, "percent_covered_display": "100", "missing_lines": 0, "excluded_lines": 0, "percent_statements_covered": 100.0, "percent_statements_covered_display": "100"}, "missing_lines": [], "excluded_lines": [], "start_line": 1}}, "classes": {"HeadHunterAPI": {"executed_lines": [84, 85, 86, 103, 105, 106, 107, 109, 111, 112, 113, 135, 137, 138, 139, 142, 143, 144, 145, 146, 148, 149, 150, 152, 153, 154, 156, 157, 159, 160, 161, 162, 163, 165, 166, 167, 169, 170, 171, 172, 174, 175, 176, 179, 180, 181, 186, 188, 189, 191, 192, 193, 194, 195, 196, 222, 224, 225, 227, 228, 230], "summary": {"covered_lines": 61, "num_statements": 70, "percent_covered": 87.14285714285714, "percent_covered_display": "87", "missing_lines": 9, "excluded_lines": 0, "percent_statements_covered": 87.14285714285714, "percent_statements_covered_display": "87"}, "missing_lines": [197, 198, 199, 200, 201, 202, 203, 206, 207], "excluded_lines": [], "start_line": 65}, "": {"executed_lines": [8, 9, 10, 13, 16, 19, 20, 21, 22, 23, 24, 25, 29, 36, 37, 39, 42, 43, 45, 46, 47, 49, 53, 55, 57, 61, 65, 77, 93, 115, 209], "summary": {"covered_lines": 31, "num_statements": 32, "percent_covered": 96.875, "percent_covered_display": "97", "missing_lines": 1, "excluded_lines": 0, "percent_statements_covered": 96.875, "percent_statements_covered_display": "97"}, "missing_lines": [40], "excluded_lines": [], "start_line": 1}}}, "src/storage/__init__.py": {"executed_lines": [], "summary": {"covered_lines": 0, "num_statements": 0, "percent_covered": 100.0, "percent_covered_display": "100", "missing_lines": 0, "excluded_lines": 0, "percent_statements_covered": 100.0, "percent_statements_covered_display": "100"}, "missing_lines": [], "excluded_lines": [], "functions": {"": {"executed_lines": [], "summary": {"covered_lines": 0, "num_statements": 0, "percent_covered": 100.0, "percent_covered_display": "100", "missing_lines": 0, "excluded_lines": 0, "percent_statements_covered": 100.0, "percent_statements_covered_display": "100"}, "missing_lines": [], "excluded_lines": [], "start_line": 1}}, "classes": {"": {"executed_lines": [], "summary": {"covered_lines": 0, "num_statements": 0, "percent_covered": 100.0, "percent_covered_display": "100", "missing_lines": 0, "excluded_lines": 0, "percent_statements_covered": 100.0, "percent_statements_covered_display": "100"}, "missing_lines": [], "excluded_lines": [], "start_line": 1}}}, "src/storage/base.py": {"executed_lines": [8, 9, 18, 21, 32, 33, 46, 47, 60, 61], "summary": {"covered_lines": 10, "num_statements": 13, "percent_covered": 76.92307692307692, "percent_covered_display": "77", "missing_lines": 3, "excluded_lines": 0, "percent_statements_covered": 76.92307692307692, "percent_statements_covered_display": "77"}, "missing_lines": [44, 58, 72], "excluded_lines": [], "functions": {"FileSaverBase.add_vacancy": {"executed_lines": [], "summary": {"covered_lines": 0, "num_statements": 1, "percent_covered": 0.0, "percent_covered_display": "0", "missing_lines": 1, "excluded_lines": 0, "percent_statements_covered": 0.0, "percent_statements_covered_display": "0"}, "missing_lines": [44], "excluded_lines": [], "start_line": 33}, "FileSaverBase.get_vacancies": {"executed_lines": [], "summary": {"covered_lines": 0, "num_statements": 1, "percent_covered": 0.0, "percent_covered_display": "0", "missing_lines": 1, "excluded_lines": 0, "percent_statements_covered": 0.0, "percent_statements_covered_display": "0"}, "missing_lines": [58], "excluded_lines": [], "start_line": 47}, "FileSaverBase.delete_vacancy": {"executed_lines": [], "summary": {"covered_lines": 0, "num_statements": 1, "percent_covered": 0.0, "percent_covered_display": "0", "missing_lines": 1, "excluded_lines": 0, "percent_statements_covered": 0.0, "percent_statements_covered_display": "0"}, "missing_lines": [72], "excluded_lines": [], "start_line": 61}, "": {"executed_lines": [8, 9, 18, 21, 32, 33, 46, 47, 60, 61], "summary": {"covered_lines": 10, "num_statements": 10, "percent_covered": 100.0, "percent_covered_display": "100", "missing_lines": 0, "excluded_lines": 0, "percent_statements_covered": 100.0, "percent_statements_covered_display": "100"}, "missing_lines": [], "excluded_lines": [], "start_line": 1}}, "classes": {"FileSaverBase": {"executed_lines": [], "summary": {"covered_lines": 0, "num_statements": 3, "percent_covered": 0.0, "percent_covered_display": "0", "missing_lines": 3, "excluded_lines": 0, "percent_statements_covered": 0.0, "percent_statements_covered_display": "0"}, "missing_lines": [44, 58, 72], "excluded_lines": [], "start_line": 21}, "": {"executed_lines": [8, 9, 18, 21, 32, 33, 46, 47, 60, 61], "summary": {"covered_lines": 10, "num_statements": 10, "percent_covered": 100.0, "percent_covered_display": "100", "missing_lines": 0, "excluded_lines": 0, "percent_statements_covered": 100.0, "percent_statements_covered_display": "100"}, "missing_lines": [], "excluded_lines": [], "start_line": 1}}}, "src/storage/json_saver.py": {"executed_lines": [8, 9, 10, 11, 14, 21, 22, 23, 24, 25, 29, 36, 37, 39, 42, 43, 45, 46, 47, 49, 53, 55, 57, 61, 65, 75, 86, 87, 88, 90, 98, 99, 100, 102, 103, 104, 106, 107, 108, 110, 112, 113, 114, 116, 117, 119, 120, 121, 122, 124, 125, 144, 151, 152, 153, 155, 157, 159, 160, 161, 163, 164, 165, 168, 171, 174, 177, 179, 189, 196, 207, 209, 210, 211, 213, 215, 234, 236, 237, 238, 239, 240, 242, 244, 245, 246, 248, 249, 251, 253, 273, 275, 277, 278, 279, 281, 284, 285, 286, 291, 294, 295, 297, 298, 301, 303, 304, 306, 320, 321, 323, 324, 326, 327, 329, 330, 332, 333, 335, 336, 338, 340, 356, 358, 359, 360, 361, 362, 364, 365, 367, 368, 370, 371, 372, 374, 375], "summary": {"covered_lines": 137, "num_statements": 154, "percent_covered": 88.96103896103897, "percent_covered_display": "89", "missing_lines": 17, "excluded_lines": 0, "percent_statements_covered": 88.96103896103897, "percent_statements_covered_display": "89"}, "missing_lines": [40, 126, 128, 129, 130, 131, 132, 133, 134, 135, 136, 139, 142, 166, 167, 169, 170], "excluded_lines": [], "functions": {"_setup_logger": {"executed_lines": [36, 37, 39, 42, 43, 45, 46, 47, 49, 53, 55, 57], "summary": {"covered_lines": 12, "num_statements": 13, "percent_covered": 92.3076923076923, "percent_covered_display": "92", "missing_lines": 1, "excluded_lines": 0, "percent_statements_covered": 92.3076923076923, "percent_statements_covered_display": "92"}, "missing_lines": [40], "excluded_lines": [], "start_line": 29}, "JSONSaver.__init__": {"executed_lines": [86, 87, 88], "summary": {"covered_lines": 3, "num_statements": 3, "percent_covered": 100.0, "percent_covered_display": "100", "missing_lines": 0, "excluded_lines": 0, "percent_statements_covered": 100.0, "percent_statements_covered_display": "100"}, "missing_lines": [], "excluded_lines": [], "start_line": 75}, "JSONSaver._load_vacancies": {"executed_lines": [98, 99, 100, 102, 103, 104, 106, 107, 108, 110, 112, 113, 114, 116, 117, 119, 120, 121, 122, 124, 125], "summary": {"covered_lines": 21, "num_statements": 33, "percent_covered": 63.63636363636363, "percent_covered_display": "64", "missing_lines": 12, "excluded_lines": 0, "percent_statements_covered": 63.63636363636363, "percent_statements_covered_display": "64"}, "missing_lines": [126, 128, 129, 130, 131, 132, 133, 134, 135, 136, 139, 142], "excluded_lines": [], "start_line": 90}, "JSONSaver._save_vacancies": {"executed_lines": [151, 152, 153, 155, 157, 159, 160, 161, 163, 164, 165, 168, 171, 174, 177], "summary": {"covered_lines": 15, "num_statements": 19, "percent_covered": 78.94736842105263, "percent_covered_display": "79", "missing_lines": 4, "excluded_lines": 0, "percent_statements_covered": 78.94736842105263, "percent_statements_covered_display": "79"}, "missing_lines": [166, 167, 169, 170], "excluded_lines": [], "start_line": 144}, "JSONSaver._vacancy_to_dict": {"executed_lines": [189], "summary": {"covered_lines": 1, "num_statements": 1, "percent_covered": 100.0, "percent_covered_display": "100", "missing_lines": 0, "excluded_lines": 0, "percent_statements_covered": 100.0, "percent_statements_covered_display": "100"}, "missing_lines": [], "excluded_lines": [], "start_line": 179}, "JSONSaver._is_duplicate": {"executed_lines": [207, 209, 210, 211, 213], "summary": {"covered_lines": 5, "num_statements": 5, "percent_covered": 100.0, "percent_covered_display": "100", "missing_lines": 0, "excluded_lines": 0, "percent_statements_covered": 100.0, "percent_statements_covered_display": "100"}, "missing_lines": [], "excluded_lines": [], "start_line": 196}, "JSONSaver.add_vacancy": {"executed_lines": [234, 236, 237, 238, 239, 240, 242, 244, 245, 246, 248, 249, 251], "summary": {"covered_lines": 13, "num_statements": 13, "percent_covered": 100.0, "percent_covered_display": "100", "missing_lines": 0, "excluded_lines": 0, "percent_statements_covered": 100.0, "percent_statements_covered_display": "100"}, "missing_lines": [], "excluded_lines": [], "start_line": 215}, "JSONSaver.get_vacancies": {"executed_lines": [273, 275, 277, 278, 279, 281, 284, 285, 286, 291, 294, 295, 297, 298, 301, 303, 304], "summary": {"covered_lines": 17, "num_statements": 17, "percent_covered": 100.0, "percent_covered_display": "100", "missing_lines": 0, "excluded_lines": 0, "percent_statements_covered": 100.0, "percent_statements_covered_display": "100"}, "missing_lines": [], "excluded_lines": [], "start_line": 253}, "JSONSaver._matches_salary_range": {"executed_lines": [320, 321, 323, 324, 326, 327, 329, 330, 332, 333, 335, 336, 338], "summary": {"covered_lines": 13, "num_statements": 13, "percent_covered": 100.0, "percent_covered_display": "100", "missing_lines": 0, "excluded_lines": 0, "percent_statements_covered": 100.0, "percent_statements_covered_display": "100"}, "missing_lines": [], "excluded_lines": [], "start_line": 306}, "JSONSaver.delete_vacancy": {"executed_lines": [356, 358, 359, 360, 361, 362, 364, 365, 367, 368, 370, 371, 372, 374, 375], "summary": {"covered_lines": 15, "num_statements": 15, "percent_covered": 100.0, "percent_covered_display": "100", "missing_lines": 0, "excluded_lines": 0, "percent_statements_covered": 100.0, "percent_statements_covered_display": "100"}, "missing_lines": [], "excluded_lines": [], "start_line": 340}, "": {"executed_lines": [8, 9, 10, 11, 14, 21, 22, 23, 24, 25, 29, 61, 65, 75, 90, 144, 179, 196, 215, 253, 306, 340], "summary": {"covered_lines": 22, "num_statements": 22, "percent_covered": 100.0, "percent_covered_display": "100", "missing_lines": 0, "excluded_lines": 0, "percent_statements_covered": 100.0, "percent_statements_covered_display": "100"}, "missing_lines": [], "excluded_lines": [], "start_line": 1}}, "classes": {"JSONSaver": {"executed_lines": [86, 87, 88, 98, 99, 100, 102, 103, 104, 106, 107, 108, 110, 112, 113, 114, 116, 117, 119, 120, 121, 122, 124, 125, 151, 152, 153, 155, 157, 159, 160, 161, 163, 164, 165, 168, 171, 174, 177, 189, 207, 209, 210, 211, 213, 234, 236, 237, 238, 239, 240, 242, 244, 245, 246, 248, 249, 251, 273, 275, 277, 278, 279, 281, 284, 285, 286, 291, 294, 295, 297, 298, 301, 303, 304, 320, 321, 323, 324, 326, 327, 329, 330, 332, 333, 335, 336, 338, 356, 358, 359, 360, 361, 362, 364, 365, 367, 368, 370, 371, 372, 374, 375], "summary": {"covered_lines": 103, "num_statements": 119, "percent_covered": 86.5546218487395, "percent_covered_display": "87", "missing_lines": 16, "excluded_lines": 0, "percent_statements_covered": 86.5546218487395, "percent_statements_covered_display": "87"}, "missing_lines": [126, 128, 129, 130, 131, 132, 133, 134, 135, 136, 139, 142, 166, 167, 169, 170], "excluded_lines": [], "start_line": 65}, "": {"executed_lines": [8, 9, 10, 11, 14, 21, 22, 23, 24, 25, 29, 36, 37, 39, 42, 43, 45, 46, 47, 49, 53, 55, 57, 61, 65, 75, 90, 144, 179, 196, 215, 253, 306, 340], "summary": {"covered_lines": 34, "num_statements": 35, "percent_covered": 97.14285714285714, "percent_covered_display": "97", "missing_lines": 1, "excluded_lines": 0, "percent_statements_covered": 97.14285714285714, "percent_statements_covered_display": "97"}, "missing_lines": [40], "excluded_lines": [], "start_line": 1}}}, "src/user_interface.py": {"executed_lines": [8, 9, 10, 11, 14, 18, 19, 20, 23, 24, 25, 26, 31, 35, 36, 37, 41, 48, 49, 51, 54, 55, 57, 58, 59, 61, 65, 67, 69, 73, 76, 84, 85, 86, 87, 88, 91, 98, 99, 100, 102, 104, 105, 109, 126, 128, 129, 130, 133, 135, 136, 137, 138, 139, 141, 144, 145, 147, 148, 149, 154, 155, 156, 157, 159, 160, 161, 162, 164, 167, 169, 170, 171, 172, 175, 176, 177, 178, 179, 180, 181, 183, 184, 185, 186, 187, 189, 192, 194, 195, 196, 197, 198, 201, 203, 204, 205, 208, 209, 210, 213, 216, 219, 220, 222, 225], "summary": {"covered_lines": 106, "num_statements": 113, "percent_covered": 93.80530973451327, "percent_covered_display": "94", "missing_lines": 7, "excluded_lines": 1, "percent_statements_covered": 93.80530973451327, "percent_statements_covered_display": "94"}, "missing_lines": [21, 52, 151, 152, 153, 226, 227], "excluded_lines": [110], "functions": {"_setup_logger": {"executed_lines": [48, 49, 51, 54, 55, 57, 58, 59, 61, 65, 67, 69], "summary": {"covered_lines": 12, "num_statements": 13, "percent_covered": 92.3076923076923, "percent_covered_display": "92", "missing_lines": 1, "excluded_lines": 0, "percent_statements_covered": 92.3076923076923, "percent_statements_covered_display": "92"}, "missing_lines": [52], "excluded_lines": [], "start_line": 41}, "_print_vacancy": {"executed_lines": [84, 85, 86, 87, 88], "summary": {"covered_lines": 5, "num_statements": 5, "percent_covered": 100.0, "percent_covered_display": "100", "missing_lines": 0, "excluded_lines": 0, "percent_statements_covered": 100.0, "percent_statements_covered_display": "100"}, "missing_lines": [], "excluded_lines": [], "start_line": 76}, "_print_vacancies": {"executed_lines": [98, 99, 100, 102, 104, 105], "summary": {"covered_lines": 6, "num_statements": 6, "percent_covered": 100.0, "percent_covered_display": "100", "missing_lines": 0, "excluded_lines": 0, "percent_statements_covered": 100.0, "percent_statements_covered_display": "100"}, "missing_lines": [], "excluded_lines": [], "start_line": 91}, "user_interaction": {"executed_lines": [126, 128, 129, 130, 133, 135, 136, 137, 138, 139, 141, 144, 145, 147, 148, 149, 154, 155, 156, 157, 159, 160, 161, 162, 164, 167, 169, 170, 171, 172, 175, 176, 177, 178, 179, 180, 181, 183, 184, 185, 186, 187, 189, 192, 194, 195, 196, 197, 198, 201, 203, 204, 205, 208, 209, 210, 213, 216, 219, 220, 222], "summary": {"covered_lines": 61, "num_statements": 64, "percent_covered": 95.3125, "percent_covered_display": "95", "missing_lines": 3, "excluded_lines": 1, "percent_statements_covered": 95.3125, "percent_statements_covered_display": "95"}, "missing_lines": [151, 152, 153], "excluded_lines": [110], "start_line": 109}, "": {"executed_lines": [8, 9, 10, 11, 14, 18, 19, 20, 23, 24, 25, 26, 31, 35, 36, 37, 41, 73, 76, 91, 109, 225], "summary": {"covered_lines": 22, "num_statements": 25, "percent_covered": 88.0, "percent_covered_display": "88", "missing_lines": 3, "excluded_lines": 0, "percent_statements_covered": 88.0, "percent_statements_covered_display": "88"}, "missing_lines": [21, 226, 227], "excluded_lines": [], "start_line": 1}}, "classes": {"": {"executed_lines": [8, 9, 10, 11, 14, 18, 19, 20, 23, 24, 25, 26, 31, 35, 36, 37, 41, 48, 49, 51, 54, 55, 57, 58, 59, 61, 65, 67, 69, 73, 76, 84, 85, 86, 87, 88, 91, 98, 99, 100, 102, 104, 105, 109, 126, 128, 129, 130, 133, 135, 136, 137, 138, 139, 141, 144, 145, 147, 148, 149, 154, 155, 156, 157, 159, 160, 161, 162, 164, 167, 169, 170, 171, 172, 175, 176, 177, 178, 179, 180, 181, 183, 184, 185, 186, 187, 189, 192, 194, 195, 196, 197, 198, 201, 203, 204, 205, 208, 209, 210, 213, 216, 219, 220, 222, 225], "summary": {"covered_lines": 106, "num_statements": 113, "percent_covered": 93.80530973451327, "percent_covered_display": "94", "missing_lines": 7, "excluded_lines": 1, "percent_statements_covered": 93.80530973451327, "percent_statements_covered_display": "94"}, "missing_lines": [21, 52, 151, 152, 153, 226, 227], "excluded_lines": [110], "start_line": 1}}}, "src/utils/__init__.py": {"executed_lines": [], "summary": {"covered_lines": 0, "num_statements": 0, "percent_covered": 100.0, "percent_covered_display": "100", "missing_lines": 0, "excluded_lines": 0, "percent_statements_covered": 100.0, "percent_statements_covered_display": "100"}, "missing_lines": [], "excluded_lines": [], "functions": {"": {"executed_lines": [], "summary": {"covered_lines": 0, "num_statements": 0, "percent_covered": 100.0, "percent_covered_display": "100", "missing_lines": 0, "excluded_lines": 0, "percent_statements_covered": 100.0, "percent_statements_covered_display": "100"}, "missing_lines": [], "excluded_lines": [], "start_line": 1}}, "classes": {"": {"executed_lines": [], "summary": {"covered_lines": 0, "num_statements": 0, "percent_covered": 100.0, "percent_covered_display": "100", "missing_lines": 0, "excluded_lines": 0, "percent_statements_covered": 100.0, "percent_statements_covered_display": "100"}, "missing_lines": [], "excluded_lines": [], "start_line": 1}}}, "src/utils/input_utils.py": {"executed_lines": [7, 16, 17, 20, 36, 37, 38, 39, 40, 41, 42, 45, 61, 62, 64], "summary": {"covered_lines": 15, "num_statements": 15, "percent_covered": 100.0, "percent_covered_display": "100", "missing_lines": 0, "excluded_lines": 0, "percent_statements_covered": 100.0, "percent_statements_covered_display": "100"}, "missing_lines": [], "excluded_lines": [], "functions": {"validate_top_n": {"executed_lines": [36, 37, 38, 39, 40, 41, 42], "summary": {"covered_lines": 7, "num_statements": 7, "percent_covered": 100.0, "percent_covered_display": "100", "missing_lines": 0, "excluded_lines": 0, "percent_statements_covered": 100.0, "percent_statements_covered_display": "100"}, "missing_lines": [], "excluded_lines": [], "start_line": 20}, "validate_keyword": {"executed_lines": [61, 62, 64], "summary": {"covered_lines": 3, "num_statements": 3, "percent_covered": 100.0, "percent_covered_display": "100", "missing_lines": 0, "excluded_lines": 0, "percent_statements_covered": 100.0, "percent_statements_covered_display": "100"}, "missing_lines": [], "excluded_lines": [], "start_line": 45}, "": {"executed_lines": [7, 16, 17, 20, 45], "summary": {"covered_lines": 5, "num_statements": 5, "percent_covered": 100.0, "percent_covered_display": "100", "missing_lines": 0, "excluded_lines": 0, "percent_statements_covered": 100.0, "percent_statements_covered_display": "100"}, "missing_lines": [], "excluded_lines": [], "start_line": 1}}, "classes": {"": {"executed_lines": [7, 16, 17, 20, 36, 37, 38, 39, 40, 41, 42, 45, 61, 62, 64], "summary": {"covered_lines": 15, "num_statements": 15, "percent_covered": 100.0, "percent_covered_display": "100", "missing_lines": 0, "excluded_lines": 0, "percent_statements_covered": 100.0, "percent_statements_covered_display": "100"}, "missing_lines": [], "excluded_lines": [], "start_line": 1}}}, "src/utils/security_utils.py": {"executed_lines": [8, 9, 10, 11, 20, 21, 32, 35, 42, 43, 45, 48, 49, 51, 52, 53, 55, 59, 61, 63, 67, 70, 86, 88, 89, 91, 92, 93, 95, 96, 98, 102, 103, 105, 106, 107, 108, 109, 110, 112, 113, 117, 121, 123, 125, 126, 134, 135, 137, 139, 155, 166, 167, 168, 170, 171, 173, 174, 176, 177, 178, 179, 180, 183], "summary": {"covered_lines": 64, "num_statements": 85, "percent_covered": 75.29411764705883, "percent_covered_display": "75", "missing_lines": 21, "excluded_lines": 0, "percent_statements_covered": 75.29411764705883, "percent_statements_covered_display": "75"}, "missing_lines": [46, 99, 100, 127, 128, 129, 130, 131, 132, 141, 143, 144, 145, 146, 147, 148, 151, 152, 184, 185, 186], "excluded_lines": [], "functions": {"_setup_logger": {"executed_lines": [42, 43, 45, 48, 49, 51, 52, 53, 55, 59, 61, 63], "summary": {"covered_lines": 12, "num_statements": 13, "percent_covered": 92.3076923076923, "percent_covered_display": "92", "missing_lines": 1, "excluded_lines": 0, "percent_statements_covered": 92.3076923076923, "percent_statements_covered_display": "92"}, "missing_lines": [46], "excluded_lines": [], "start_line": 35}, "check_logs_for_leaks": {"executed_lines": [86, 88, 89, 91, 92, 93, 95, 96, 98, 102, 103, 105, 106, 107, 108, 109, 110, 112, 113, 117, 121, 123, 125, 126, 134, 135, 137, 139], "summary": {"covered_lines": 28, "num_statements": 45, "percent_covered": 62.22222222222222, "percent_covered_display": "62", "missing_lines": 17, "excluded_lines": 0, "percent_statements_covered": 62.22222222222222, "percent_statements_covered_display": "62"}, "missing_lines": [99, 100, 127, 128, 129, 130, 131, 132, 141, 143, 144, 145, 146, 147, 148, 151, 152], "excluded_lines": [], "start_line": 70}, "print_leaks_report": {"executed_lines": [166, 167, 168, 170, 171, 173, 174, 176, 177, 178, 179, 180], "summary": {"covered_lines": 12, "num_statements": 12, "percent_covered": 100.0, "percent_covered_display": "100", "missing_lines": 0, "excluded_lines": 0, "percent_statements_covered": 100.0, "percent_statements_covered_display": "100"}, "missing_lines": [], "excluded_lines": [], "start_line": 155}, "": {"executed_lines": [8, 9, 10, 11, 20, 21, 32, 35, 67, 70, 155, 183], "summary": {"covered_lines": 12, "num_statements": 15, "percent_covered": 80.0, "percent_covered_display": "80", "missing_lines": 3, "excluded_lines": 0, "percent_statements_covered": 80.0, "percent_statements_covered_display": "80"}, "missing_lines": [184, 185, 186], "excluded_lines": [], "start_line": 1}}, "classes": {"": {"executed_lines": [8, 9, 10, 11, 20, 21, 32, 35, 42, 43, 45, 48, 49, 51, 52, 53, 55, 59, 61, 63, 67, 70, 86, 88, 89, 91, 92, 93, 95, 96, 98, 102, 103, 105, 106, 107, 108, 109, 110, 112, 113, 117, 121, 123, 125, 126, 134, 135, 137, 139, 155, 166, 167, 168, 170, 171, 173, 174, 176, 177, 178, 179, 180, 183], "summary": {"covered_lines": 64, "num_statements": 85, "percent_covered": 75.29411764705883, "percent_covered_display": "75", "missing_lines": 21, "excluded_lines": 0, "percent_statements_covered": 75.29411764705883, "percent_statements_covered_display": "75"}, "missing_lines": [46, 99, 100, 127, 128, 129, 130, 131, 132, 141, 143, 144, 145, 146, 147, 148, 151, 152, 184, 185, 186], "excluded_lines": [], "start_line": 1}}}, "src/utils/vacancy_utils.py": {"executed_lines": [7, 16, 19, 36, 37, 39, 41, 42, 43, 44, 45, 46, 48, 50, 53, 70, 71, 73, 74, 75, 78, 80, 81, 82, 85, 102, 103, 105], "summary": {"covered_lines": 28, "num_statements": 28, "percent_covered": 100.0, "percent_covered_display": "100", "missing_lines": 0, "excluded_lines": 0, "percent_statements_covered": 100.0, "percent_statements_covered_display": "100"}, "missing_lines": [], "excluded_lines": [], "functions": {"filter_vacancies_by_keywords": {"executed_lines": [36, 37, 39, 41, 42, 43, 44, 45, 46, 48, 50], "summary": {"covered_lines": 11, "num_statements": 11, "percent_covered": 100.0, "percent_covered_display": "100", "missing_lines": 0, "excluded_lines": 0, "percent_statements_covered": 100.0, "percent_statements_covered_display": "100"}, "missing_lines": [], "excluded_lines": [], "start_line": 19}, "sort_vacancies_by_salary": {"executed_lines": [70, 71, 73, 74, 75, 78, 80, 81, 82], "summary": {"covered_lines": 9, "num_statements": 9, "percent_covered": 100.0, "percent_covered_display": "100", "missing_lines": 0, "excluded_lines": 0, "percent_statements_covered": 100.0, "percent_statements_covered_display": "100"}, "missing_lines": [], "excluded_lines": [], "start_line": 53}, "get_top_vacancies": {"executed_lines": [102, 103, 105], "summary": {"covered_lines": 3, "num_statements": 3, "percent_covered": 100.0, "percent_covered_display": "100", "missing_lines": 0, "excluded_lines": 0, "percent_statements_covered": 100.0, "percent_statements_covered_display": "100"}, "missing_lines": [], "excluded_lines": [], "start_line": 85}, "": {"executed_lines": [7, 16, 19, 53, 85], "summary": {"covered_lines": 5, "num_statements": 5, "percent_covered": 100.0, "percent_covered_display": "100", "missing_lines": 0, "excluded_lines": 0, "percent_statements_covered": 100.0, "percent_statements_covered_display": "100"}, "missing_lines": [], "excluded_lines": [], "start_line": 1}}, "classes": {"": {"executed_lines": [7, 16, 19, 36, 37, 39, 41, 42, 43, 44, 45, 46, 48, 50, 53, 70, 71, 73, 74, 75, 78, 80, 81, 82, 85, 102, 103, 105], "summary": {"covered_lines": 28, "num_statements": 28, "percent_covered": 100.0, "percent_covered_display": "100", "missing_lines": 0, "excluded_lines": 0, "percent_statements_covered": 100.0, "percent_statements_covered_display": "100"}, "missing_lines": [], "excluded_lines": [], "start_line": 1}}}, "src/vacancy/__init__.py": {"executed_lines": [], "summary": {"covered_lines": 0, "num_statements": 0, "percent_covered": 100.0, "percent_covered_display": "100", "missing_lines": 0, "excluded_lines": 0, "percent_statements_covered": 100.0, "percent_statements_covered_display": "100"}, "missing_lines": [], "excluded_lines": [], "functions": {"": {"executed_lines": [], "summary": {"covered_lines": 0, "num_statements": 0, "percent_covered": 100.0, "percent_covered_display": "100", "missing_lines": 0, "excluded_lines": 0, "percent_statements_covered": 100.0, "percent_statements_covered_display": "100"}, "missing_lines": [], "excluded_lines": [], "start_line": 1}}, "classes": {"": {"executed_lines": [], "summary": {"covered_lines": 0, "num_statements": 0, "percent_covered": 100.0, "percent_covered_display": "100", "missing_lines": 0, "excluded_lines": 0, "percent_statements_covered": 100.0, "percent_statements_covered_display": "100"}, "missing_lines": [], "excluded_lines": [], "start_line": 1}}}, "src/vacancy/vacancy.py": {"executed_lines": [8, 9, 10, 19, 20, 21, 25, 32, 33, 35, 38, 39, 41, 42, 43, 45, 49, 51, 53, 57, 61, 74, 76, 100, 101, 102, 103, 105, 106, 108, 110, 111, 113, 115, 116, 118, 120, 121, 123, 125, 138, 139, 140, 142, 143, 144, 145, 147, 149, 162, 163, 164, 166, 167, 168, 169, 171, 173, 183, 184, 186, 187, 188, 190, 192, 202, 203, 204, 206, 208, 215, 216, 218, 219, 221, 222, 224, 225, 227, 228, 232, 242, 243, 245, 247, 257, 258, 262, 272, 273, 275, 277, 287, 288, 292, 302, 305, 307, 314, 315, 316, 317, 318, 320, 321, 322, 323, 324, 325, 327, 329, 336, 337, 339, 340, 356, 358, 360, 361, 362, 363, 364, 365, 367, 368, 369, 371, 372, 375, 376, 377, 379, 380, 381, 388, 389], "summary": {"covered_lines": 136, "num_statements": 144, "percent_covered": 94.44444444444444, "percent_covered_display": "94", "missing_lines": 8, "excluded_lines": 0, "percent_statements_covered": 94.44444444444444, "percent_statements_covered_display": "94"}, "missing_lines": [36, 230, 260, 290, 303, 382, 385, 386], "excluded_lines": [], "functions": {"_setup_logger": {"executed_lines": [32, 33, 35, 38, 39, 41, 42, 43, 45, 49, 51, 53], "summary": {"covered_lines": 12, "num_statements": 13, "percent_covered": 92.3076923076923, "percent_covered_display": "92", "missing_lines": 1, "excluded_lines": 0, "percent_statements_covered": 92.3076923076923, "percent_statements_covered_display": "92"}, "missing_lines": [36], "excluded_lines": [], "start_line": 25}, "Vacancy.__init__": {"executed_lines": [100, 101, 102, 103], "summary": {"covered_lines": 4, "num_statements": 4, "percent_covered": 100.0, "percent_covered_display": "100", "missing_lines": 0, "excluded_lines": 0, "percent_statements_covered": 100.0, "percent_statements_covered_display": "100"}, "missing_lines": [], "excluded_lines": [], "start_line": 76}, "Vacancy.name": {"executed_lines": [108], "summary": {"covered_lines": 1, "num_statements": 1, "percent_covered": 100.0, "percent_covered_display": "100", "missing_lines": 0, "excluded_lines": 0, "percent_statements_covered": 100.0, "percent_statements_covered_display": "100"}, "missing_lines": [], "excluded_lines": [], "start_line": 106}, "Vacancy.url": {"executed_lines": [113], "summary": {"covered_lines": 1, "num_statements": 1, "percent_covered": 100.0, "percent_covered_display": "100", "missing_lines": 0, "excluded_lines": 0, "percent_statements_covered": 100.0, "percent_statements_covered_display": "100"}, "missing_lines": [], "excluded_lines": [], "start_line": 111}, "Vacancy.salary": {"executed_lines": [118], "summary": {"covered_lines": 1, "num_statements": 1, "percent_covered": 100.0, "percent_covered_display": "100", "missing_lines": 0, "excluded_lines": 0, "percent_statements_covered": 100.0, "percent_statements_covered_display": "100"}, "missing_lines": [], "excluded_lines": [], "start_line": 116}, "Vacancy.description": {"executed_lines": [123], "summary": {"covered_lines": 1, "num_statements": 1, "percent_covered": 100.0, "percent_covered_display": "100", "missing_lines": 0, "excluded_lines": 0, "percent_statements_covered": 100.0, "percent_statements_covered_display": "100"}, "missing_lines": [], "excluded_lines": [], "start_line": 121}, "Vacancy._validate_name": {"executed_lines": [138, 139, 140, 142, 143, 144, 145, 147], "summary": {"covered_lines": 8, "num_statements": 8, "percent_covered": 100.0, "percent_covered_display": "100", "missing_lines": 0, "excluded_lines": 0, "percent_statements_covered": 100.0, "percent_statements_covered_display": "100"}, "missing_lines": [], "excluded_lines": [], "start_line": 125}, "Vacancy._validate_url": {"executed_lines": [162, 163, 164, 166, 167, 168, 169, 171], "summary": {"covered_lines": 8, "num_statements": 8, "percent_covered": 100.0, "percent_covered_display": "100", "missing_lines": 0, "excluded_lines": 0, "percent_statements_covered": 100.0, "percent_statements_covered_display": "100"}, "missing_lines": [], "excluded_lines": [], "start_line": 149}, "Vacancy._validate_salary": {"executed_lines": [183, 184, 186, 187, 188, 190], "summary": {"covered_lines": 6, "num_statements": 6, "percent_covered": 100.0, "percent_covered_display": "100", "missing_lines": 0, "excluded_lines": 0, "percent_statements_covered": 100.0, "percent_statements_covered_display": "100"}, "missing_lines": [], "excluded_lines": [], "start_line": 173}, "Vacancy._validate_description": {"executed_lines": [202, 203, 204, 206], "summary": {"covered_lines": 4, "num_statements": 4, "percent_covered": 100.0, "percent_covered_display": "100", "missing_lines": 0, "excluded_lines": 0, "percent_statements_covered": 100.0, "percent_statements_covered_display": "100"}, "missing_lines": [], "excluded_lines": [], "start_line": 192}, "Vacancy._get_salary_value": {"executed_lines": [215, 216, 218, 219, 221, 222, 224, 225, 227, 228], "summary": {"covered_lines": 10, "num_statements": 11, "percent_covered": 90.9090909090909, "percent_covered_display": "91", "missing_lines": 1, "excluded_lines": 0, "percent_statements_covered": 90.9090909090909, "percent_statements_covered_display": "91"}, "missing_lines": [230], "excluded_lines": [], "start_line": 208}, "Vacancy.__lt__": {"executed_lines": [242, 243, 245], "summary": {"covered_lines": 3, "num_statements": 3, "percent_covered": 100.0, "percent_covered_display": "100", "missing_lines": 0, "excluded_lines": 0, "percent_statements_covered": 100.0, "percent_statements_covered_display": "100"}, "missing_lines": [], "excluded_lines": [], "start_line": 232}, "Vacancy.__le__": {"executed_lines": [257, 258], "summary": {"covered_lines": 2, "num_statements": 3, "percent_covered": 66.66666666666667, "percent_covered_display": "67", "missing_lines": 1, "excluded_lines": 0, "percent_statements_covered": 66.66666666666667, "percent_statements_covered_display": "67"}, "missing_lines": [260], "excluded_lines": [], "start_line": 247}, "Vacancy.__gt__": {"executed_lines": [272, 273, 275], "summary": {"covered_lines": 3, "num_statements": 3, "percent_covered": 100.0, "percent_covered_display": "100", "missing_lines": 0, "excluded_lines": 0, "percent_statements_covered": 100.0, "percent_statements_covered_display": "100"}, "missing_lines": [], "excluded_lines": [], "start_line": 262}, "Vacancy.__ge__": {"executed_lines": [287, 288], "summary": {"covered_lines": 2, "num_statements": 3, "percent_covered": 66.66666666666667, "percent_covered_display": "67", "missing_lines": 1, "excluded_lines": 0, "percent_statements_covered": 66.66666666666667, "percent_statements_covered_display": "67"}, "missing_lines": [290], "excluded_lines": [], "start_line": 277}, "Vacancy.__eq__": {"executed_lines": [302, 305], "summary": {"covered_lines": 2, "num_statements": 3, "percent_covered": 66.66666666666667, "percent_covered_display": "67", "missing_lines": 1, "excluded_lines": 0, "percent_statements_covered": 66.66666666666667, "percent_statements_covered_display": "67"}, "missing_lines": [303], "excluded_lines": [], "start_line": 292}, "Vacancy.__str__": {"executed_lines": [314, 315, 316, 317, 318, 320, 321, 322, 323, 324, 325, 327], "summary": {"covered_lines": 12, "num_statements": 12, "percent_covered": 100.0, "percent_covered_display": "100", "missing_lines": 0, "excluded_lines": 0, "percent_statements_covered": 100.0, "percent_statements_covered_display": "100"}, "missing_lines": [], "excluded_lines": [], "start_line": 307}, "Vacancy.__repr__": {"executed_lines": [336, 337], "summary": {"covered_lines": 2, "num_statements": 2, "percent_covered": 100.0, "percent_covered_display": "100", "missing_lines": 0, "excluded_lines": 0, "percent_statements_covered": 100.0, "percent_statements_covered_display": "100"}, "missing_lines": [], "excluded_lines": [], "start_line": 329}, "Vacancy.cast_to_object_list": {"executed_lines": [356, 358, 360, 361, 362, 363, 364, 365, 367, 368, 369, 371, 372, 375, 376, 377, 379, 380, 381, 388, 389], "summary": {"covered_lines": 21, "num_statements": 24, "percent_covered": 87.5, "percent_covered_display": "88", "missing_lines": 3, "excluded_lines": 0, "percent_statements_covered": 87.5, "percent_statements_covered_display": "88"}, "missing_lines": [382, 385, 386], "excluded_lines": [], "start_line": 340}, "": {"executed_lines": [8, 9, 10, 19, 20, 21, 25, 57, 61, 74, 76, 105, 106, 110, 111, 115, 116, 120, 121, 125, 149, 173, 192, 208, 232, 247, 262, 277, 292, 307, 329, 339, 340], "summary": {"covered_lines": 33, "num_statements": 33, "percent_covered": 100.0, "percent_covered_display": "100", "missing_lines": 0, "excluded_lines": 0, "percent_statements_covered": 100.0, "percent_statements_covered_display": "100"}, "missing_lines": [], "excluded_lines": [], "start_line": 1}}, "classes": {"Vacancy": {"executed_lines": [100, 101, 102, 103, 108, 113, 118, 123, 138, 139, 140, 142, 143, 144, 145, 147, 162, 163, 164, 166, 167, 168, 169, 171, 183, 184, 186, 187, 188, 190, 202, 203, 204, 206, 215, 216, 218, 219, 221, 222, 224, 225, 227, 228, 242, 243, 245, 257, 258, 272, 273, 275, 287, 288, 302, 305, 314, 315, 316, 317, 318, 320, 321, 322, 323, 324, 325, 327, 336, 337, 356, 358, 360, 361, 362, 363, 364, 365, 367, 368, 369, 371, 372, 375, 376, 377, 379, 380, 381, 388, 389], "summary": {"covered_lines": 91, "num_statements": 98, "percent_covered": 92.85714285714286, "percent_covered_display": "93", "missing_lines": 7, "excluded_lines": 0, "percent_statements_covered": 92.85714285714286, "percent_statements_covered_display": "93"}, "missing_lines": [230, 260, 290, 303, 382, 385, 386], "excluded_lines": [], "start_line": 61}, "": {"executed_lines": [8, 9, 10, 19, 20, 21, 25, 32, 33, 35, 38, 39, 41, 42, 43, 45, 49, 51, 53, 57, 61, 74, 76, 105, 106, 110, 111, 115, 116, 120, 121, 125, 149, 173, 192, 208, 232, 247, 262, 277, 292, 307, 329, 339, 340], "summary": {"covered_lines": 45, "num_statements": 46, "percent_covered": 97.82608695652173, "percent_covered_display": "98", "missing_lines": 1, "excluded_lines": 0, "percent_statements_covered": 97.82608695652173, "percent_statements_covered_display": "98"}, "missing_lines": [36], "excluded_lines": [], "start_line": 1}}}}, "totals": {"covered_lines": 597, "num_statements": 665, "percent_covered": 89.77443609022556, "percent_covered_display": "90", "missing_lines": 68, "excluded_lines": 1, "percent_statements_covered": 89.77443609022556, "percent_statements_covered_display": "90"}}